<?xml version="1.0" encoding="UTF-8"?>
<coverage generated="1775466301">
  <project timestamp="1775466301" name="Clover Coverage">
    <file name="/home/vutv/prj/demo_unittest/api/Modules/Admin/Config/config.php">
      <line num="3" type="stmt" count="0"/>
      <line num="4" type="stmt" count="0"/>
      <line num="5" type="stmt" count="0"/>
      <metrics loc="6" ncloc="6" classes="0" methods="0" coveredmethods="0" conditionals="0" coveredconditionals="0" statements="3" coveredstatements="0" elements="3" coveredelements="0"/>
    </file>
    <package name="Modules\Admin\Console\Commands">
      <file name="/home/vutv/prj/demo_unittest/api/Modules/Admin/Console/Commands/AdminCommand.php">
        <class name="Modules\Admin\Console\Commands\AdminCommand" namespace="Modules\Admin\Console\Commands">
          <metrics complexity="0" methods="0" coveredmethods="0" conditionals="0" coveredconditionals="0" statements="0" coveredstatements="0" elements="0" coveredelements="0"/>
        </class>
        <metrics loc="11" ncloc="11" classes="0" methods="0" coveredmethods="0" conditionals="0" coveredconditionals="0" statements="0" coveredstatements="0" elements="0" coveredelements="0"/>
      </file>
    </package>
    <package name="Modules\Admin\Http\Actions">
      <file name="/home/vutv/prj/demo_unittest/api/Modules/Admin/Http/Actions/AccountAction.php">
        <class name="Modules\Admin\Http\Actions\AccountAction" namespace="Modules\Admin\Http\Actions">
          <metrics complexity="14" methods="2" coveredmethods="0" conditionals="0" coveredconditionals="0" statements="37" coveredstatements="0" elements="39" coveredelements="0"/>
        </class>
        <line num="11" type="method" name="run" visibility="protected" complexity="3" crap="12" count="0"/>
        <line num="13" type="stmt" count="0"/>
        <line num="14" type="stmt" count="0"/>
        <line num="16" type="stmt" count="0"/>
        <line num="17" type="stmt" count="0"/>
        <line num="18" type="stmt" count="0"/>
        <line num="19" type="stmt" count="0"/>
        <line num="22" type="method" name="importAccounts" visibility="protected" complexity="11" crap="132" count="0"/>
        <line num="24" type="stmt" count="0"/>
        <line num="25" type="stmt" count="0"/>
        <line num="27" type="stmt" count="0"/>
        <line num="28" type="stmt" count="0"/>
        <line num="29" type="stmt" count="0"/>
        <line num="32" type="stmt" count="0"/>
        <line num="33" type="stmt" count="0"/>
        <line num="34" type="stmt" count="0"/>
        <line num="35" type="stmt" count="0"/>
        <line num="36" type="stmt" count="0"/>
        <line num="37" type="stmt" count="0"/>
        <line num="38" type="stmt" count="0"/>
        <line num="39" type="stmt" count="0"/>
        <line num="40" type="stmt" count="0"/>
        <line num="41" type="stmt" count="0"/>
        <line num="42" type="stmt" count="0"/>
        <line num="44" type="stmt" count="0"/>
        <line num="45" type="stmt" count="0"/>
        <line num="48" type="stmt" count="0"/>
        <line num="49" type="stmt" count="0"/>
        <line num="50" type="stmt" count="0"/>
        <line num="51" type="stmt" count="0"/>
        <line num="52" type="stmt" count="0"/>
        <line num="55" type="stmt" count="0"/>
        <line num="56" type="stmt" count="0"/>
        <line num="59" type="stmt" count="0"/>
        <line num="60" type="stmt" count="0"/>
        <line num="63" type="stmt" count="0"/>
        <line num="64" type="stmt" count="0"/>
        <line num="65" type="stmt" count="0"/>
        <line num="66" type="stmt" count="0"/>
        <metrics loc="69" ncloc="69" classes="1" methods="2" coveredmethods="0" conditionals="0" coveredconditionals="0" statements="37" coveredstatements="0" elements="39" coveredelements="0"/>
      </file>
      <file name="/home/vutv/prj/demo_unittest/api/Modules/Admin/Http/Actions/AdminAction.php">
        <class name="Modules\Admin\Http\Actions\AdminAction" namespace="Modules\Admin\Http\Actions">
          <metrics complexity="0" methods="0" coveredmethods="0" conditionals="0" coveredconditionals="0" statements="0" coveredstatements="0" elements="0" coveredelements="0"/>
        </class>
        <metrics loc="11" ncloc="10" classes="0" methods="0" coveredmethods="0" conditionals="0" coveredconditionals="0" statements="0" coveredstatements="0" elements="0" coveredelements="0"/>
      </file>
      <file name="/home/vutv/prj/demo_unittest/api/Modules/Admin/Http/Actions/ApiSystemAction.php">
        <class name="Modules\Admin\Http\Actions\ApiSystemAction" namespace="Modules\Admin\Http\Actions">
          <metrics complexity="11" methods="6" coveredmethods="0" conditionals="0" coveredconditionals="0" statements="18" coveredstatements="0" elements="24" coveredelements="0"/>
        </class>
        <line num="15" type="method" name="run" visibility="protected" complexity="6" crap="42" count="0"/>
        <line num="17" type="stmt" count="0"/>
        <line num="18" type="stmt" count="0"/>
        <line num="20" type="stmt" count="0"/>
        <line num="21" type="stmt" count="0"/>
        <line num="22" type="stmt" count="0"/>
        <line num="23" type="stmt" count="0"/>
        <line num="24" type="stmt" count="0"/>
        <line num="25" type="stmt" count="0"/>
        <line num="26" type="stmt" count="0"/>
        <line num="29" type="method" name="newQuery" visibility="protected" complexity="1" crap="2" count="0"/>
        <line num="31" type="stmt" count="0"/>
        <line num="34" type="method" name="updateEntity" visibility="protected" complexity="1" crap="2" count="0"/>
        <line num="36" type="stmt" count="0"/>
        <line num="37" type="stmt" count="0"/>
        <line num="39" type="stmt" count="0"/>
        <line num="42" type="method" name="deleteEntity" visibility="protected" complexity="1" crap="2" count="0"/>
        <line num="44" type="stmt" count="0"/>
        <line num="46" type="stmt" count="0"/>
        <line num="49" type="method" name="bulkDeleteEntities" visibility="protected" complexity="1" crap="2" count="0"/>
        <line num="51" type="stmt" count="0"/>
        <line num="53" type="stmt" count="0"/>
        <line num="56" type="method" name="sanitize" visibility="protected" complexity="1" crap="2" count="0"/>
        <line num="58" type="stmt" count="0"/>
        <metrics loc="61" ncloc="61" classes="1" methods="6" coveredmethods="0" conditionals="0" coveredconditionals="0" statements="18" coveredstatements="0" elements="24" coveredelements="0"/>
      </file>
      <file name="/home/vutv/prj/demo_unittest/api/Modules/Admin/Http/Actions/ChainAction.php">
        <class name="Modules\Admin\Http\Actions\ChainAction" namespace="Modules\Admin\Http\Actions">
          <metrics complexity="9" methods="5" coveredmethods="0" conditionals="0" coveredconditionals="0" statements="15" coveredstatements="0" elements="20" coveredelements="0"/>
        </class>
        <line num="15" type="method" name="run" visibility="protected" complexity="5" crap="30" count="0"/>
        <line num="17" type="stmt" count="0"/>
        <line num="18" type="stmt" count="0"/>
        <line num="20" type="stmt" count="0"/>
        <line num="21" type="stmt" count="0"/>
        <line num="22" type="stmt" count="0"/>
        <line num="23" type="stmt" count="0"/>
        <line num="24" type="stmt" count="0"/>
        <line num="25" type="stmt" count="0"/>
        <line num="28" type="method" name="newQuery" visibility="protected" complexity="1" crap="2" count="0"/>
        <line num="30" type="stmt" count="0"/>
        <line num="33" type="method" name="updateEntity" visibility="protected" complexity="1" crap="2" count="0"/>
        <line num="35" type="stmt" count="0"/>
        <line num="36" type="stmt" count="0"/>
        <line num="38" type="stmt" count="0"/>
        <line num="41" type="method" name="deleteEntity" visibility="protected" complexity="1" crap="2" count="0"/>
        <line num="43" type="stmt" count="0"/>
        <line num="45" type="stmt" count="0"/>
        <line num="48" type="method" name="sanitize" visibility="protected" complexity="1" crap="2" count="0"/>
        <line num="50" type="stmt" count="0"/>
        <metrics loc="52" ncloc="52" classes="1" methods="5" coveredmethods="0" conditionals="0" coveredconditionals="0" statements="15" coveredstatements="0" elements="20" coveredelements="0"/>
      </file>
      <file name="/home/vutv/prj/demo_unittest/api/Modules/Admin/Http/Actions/CountryAction.php">
        <class name="Modules\Admin\Http\Actions\CountryAction" namespace="Modules\Admin\Http\Actions">
          <metrics complexity="9" methods="5" coveredmethods="0" conditionals="0" coveredconditionals="0" statements="15" coveredstatements="0" elements="20" coveredelements="0"/>
        </class>
        <line num="15" type="method" name="run" visibility="protected" complexity="5" crap="30" count="0"/>
        <line num="17" type="stmt" count="0"/>
        <line num="18" type="stmt" count="0"/>
        <line num="20" type="stmt" count="0"/>
        <line num="21" type="stmt" count="0"/>
        <line num="22" type="stmt" count="0"/>
        <line num="23" type="stmt" count="0"/>
        <line num="24" type="stmt" count="0"/>
        <line num="25" type="stmt" count="0"/>
        <line num="28" type="method" name="newQuery" visibility="protected" complexity="1" crap="2" count="0"/>
        <line num="30" type="stmt" count="0"/>
        <line num="33" type="method" name="updateEntity" visibility="protected" complexity="1" crap="2" count="0"/>
        <line num="35" type="stmt" count="0"/>
        <line num="36" type="stmt" count="0"/>
        <line num="38" type="stmt" count="0"/>
        <line num="41" type="method" name="deleteEntity" visibility="protected" complexity="1" crap="2" count="0"/>
        <line num="43" type="stmt" count="0"/>
        <line num="45" type="stmt" count="0"/>
        <line num="48" type="method" name="sanitize" visibility="protected" complexity="1" crap="2" count="0"/>
        <line num="50" type="stmt" count="0"/>
        <metrics loc="52" ncloc="52" classes="1" methods="5" coveredmethods="0" conditionals="0" coveredconditionals="0" statements="15" coveredstatements="0" elements="20" coveredelements="0"/>
      </file>
      <file name="/home/vutv/prj/demo_unittest/api/Modules/Admin/Http/Actions/CrawlerErrorLogAction.php">
        <class name="Modules\Admin\Http\Actions\CrawlerErrorLogAction" namespace="Modules\Admin\Http\Actions">
          <metrics complexity="9" methods="5" coveredmethods="0" conditionals="0" coveredconditionals="0" statements="15" coveredstatements="0" elements="20" coveredelements="0"/>
        </class>
        <line num="15" type="method" name="run" visibility="protected" complexity="5" crap="30" count="0"/>
        <line num="17" type="stmt" count="0"/>
        <line num="18" type="stmt" count="0"/>
        <line num="20" type="stmt" count="0"/>
        <line num="21" type="stmt" count="0"/>
        <line num="22" type="stmt" count="0"/>
        <line num="23" type="stmt" count="0"/>
        <line num="24" type="stmt" count="0"/>
        <line num="25" type="stmt" count="0"/>
        <line num="28" type="method" name="newQuery" visibility="protected" complexity="1" crap="2" count="0"/>
        <line num="30" type="stmt" count="0"/>
        <line num="33" type="method" name="updateEntity" visibility="protected" complexity="1" crap="2" count="0"/>
        <line num="35" type="stmt" count="0"/>
        <line num="36" type="stmt" count="0"/>
        <line num="38" type="stmt" count="0"/>
        <line num="41" type="method" name="deleteEntity" visibility="protected" complexity="1" crap="2" count="0"/>
        <line num="43" type="stmt" count="0"/>
        <line num="45" type="stmt" count="0"/>
        <line num="48" type="method" name="sanitize" visibility="protected" complexity="1" crap="2" count="0"/>
        <line num="50" type="stmt" count="0"/>
        <metrics loc="53" ncloc="53" classes="1" methods="5" coveredmethods="0" conditionals="0" coveredconditionals="0" statements="15" coveredstatements="0" elements="20" coveredelements="0"/>
      </file>
      <file name="/home/vutv/prj/demo_unittest/api/Modules/Admin/Http/Actions/HotelAction.php">
        <class name="Modules\Admin\Http\Actions\HotelAction" namespace="Modules\Admin\Http\Actions">
          <metrics complexity="11" methods="5" coveredmethods="0" conditionals="0" coveredconditionals="0" statements="18" coveredstatements="0" elements="23" coveredelements="0"/>
        </class>
        <line num="15" type="method" name="run" visibility="protected" complexity="5" crap="30" count="0"/>
        <line num="17" type="stmt" count="0"/>
        <line num="18" type="stmt" count="0"/>
        <line num="20" type="stmt" count="0"/>
        <line num="21" type="stmt" count="0"/>
        <line num="22" type="stmt" count="0"/>
        <line num="23" type="stmt" count="0"/>
        <line num="24" type="stmt" count="0"/>
        <line num="25" type="stmt" count="0"/>
        <line num="28" type="method" name="newQuery" visibility="protected" complexity="1" crap="2" count="0"/>
        <line num="30" type="stmt" count="0"/>
        <line num="33" type="method" name="updateEntity" visibility="protected" complexity="1" crap="2" count="0"/>
        <line num="35" type="stmt" count="0"/>
        <line num="36" type="stmt" count="0"/>
        <line num="38" type="stmt" count="0"/>
        <line num="41" type="method" name="deleteEntity" visibility="protected" complexity="1" crap="2" count="0"/>
        <line num="43" type="stmt" count="0"/>
        <line num="45" type="stmt" count="0"/>
        <line num="48" type="method" name="sanitize" visibility="protected" complexity="3" crap="12" count="0"/>
        <line num="50" type="stmt" count="0"/>
        <line num="52" type="stmt" count="0"/>
        <line num="53" type="stmt" count="0"/>
        <line num="56" type="stmt" count="0"/>
        <metrics loc="58" ncloc="58" classes="1" methods="5" coveredmethods="0" conditionals="0" coveredconditionals="0" statements="18" coveredstatements="0" elements="23" coveredelements="0"/>
      </file>
      <file name="/home/vutv/prj/demo_unittest/api/Modules/Admin/Http/Actions/MessageExclusionRulesAction.php">
        <class name="Modules\Admin\Http\Actions\MessageExclusionRulesAction" namespace="Modules\Admin\Http\Actions">
          <metrics complexity="18" methods="6" coveredmethods="0" conditionals="0" coveredconditionals="0" statements="41" coveredstatements="0" elements="47" coveredelements="0"/>
        </class>
        <line num="12" type="method" name="run" visibility="protected" complexity="6" crap="42" count="0"/>
        <line num="14" type="stmt" count="0"/>
        <line num="15" type="stmt" count="0"/>
        <line num="17" type="stmt" count="0"/>
        <line num="18" type="stmt" count="0"/>
        <line num="19" type="stmt" count="0"/>
        <line num="20" type="stmt" count="0"/>
        <line num="21" type="stmt" count="0"/>
        <line num="22" type="stmt" count="0"/>
        <line num="23" type="stmt" count="0"/>
        <line num="26" type="method" name="createRule" visibility="protected" complexity="2" crap="6" count="0"/>
        <line num="28" type="stmt" count="0"/>
        <line num="29" type="stmt" count="0"/>
        <line num="30" type="stmt" count="0"/>
        <line num="31" type="stmt" count="0"/>
        <line num="34" type="stmt" count="0"/>
        <line num="35" type="stmt" count="0"/>
        <line num="37" type="stmt" count="0"/>
        <line num="38" type="stmt" count="0"/>
        <line num="41" type="method" name="updateRule" visibility="protected" complexity="1" crap="2" count="0"/>
        <line num="43" type="stmt" count="0"/>
        <line num="44" type="stmt" count="0"/>
        <line num="45" type="stmt" count="0"/>
        <line num="46" type="stmt" count="0"/>
        <line num="48" type="stmt" count="0"/>
        <line num="49" type="stmt" count="0"/>
        <line num="52" type="method" name="deleteRule" visibility="protected" complexity="1" crap="2" count="0"/>
        <line num="54" type="stmt" count="0"/>
        <line num="56" type="stmt" count="0"/>
        <line num="59" type="method" name="deleteGroup" visibility="protected" complexity="1" crap="2" count="0"/>
        <line num="61" type="stmt" count="0"/>
        <line num="63" type="stmt" count="0"/>
        <line num="66" type="method" name="syncDetails" visibility="protected" complexity="7" crap="56" count="0"/>
        <line num="68" type="stmt" count="0"/>
        <line num="70" type="stmt" count="0"/>
        <line num="71" type="stmt" count="0"/>
        <line num="72" type="stmt" count="0"/>
        <line num="73" type="stmt" count="0"/>
        <line num="76" type="stmt" count="0"/>
        <line num="77" type="stmt" count="0"/>
        <line num="78" type="stmt" count="0"/>
        <line num="79" type="stmt" count="0"/>
        <line num="80" type="stmt" count="0"/>
        <line num="81" type="stmt" count="0"/>
        <line num="82" type="stmt" count="0"/>
        <line num="85" type="stmt" count="0"/>
        <line num="86" type="stmt" count="0"/>
        <metrics loc="90" ncloc="90" classes="1" methods="6" coveredmethods="0" conditionals="0" coveredconditionals="0" statements="41" coveredstatements="0" elements="47" coveredelements="0"/>
      </file>
      <file name="/home/vutv/prj/demo_unittest/api/Modules/Admin/Http/Actions/NotificationAction.php">
        <class name="Modules\Admin\Http\Actions\NotificationAction" namespace="Modules\Admin\Http\Actions">
          <metrics complexity="7" methods="4" coveredmethods="0" conditionals="0" coveredconditionals="0" statements="11" coveredstatements="0" elements="15" coveredelements="0"/>
        </class>
        <line num="15" type="method" name="run" visibility="protected" complexity="4" crap="20" count="0"/>
        <line num="17" type="stmt" count="0"/>
        <line num="18" type="stmt" count="0"/>
        <line num="20" type="stmt" count="0"/>
        <line num="21" type="stmt" count="0"/>
        <line num="22" type="stmt" count="0"/>
        <line num="23" type="stmt" count="0"/>
        <line num="24" type="stmt" count="0"/>
        <line num="27" type="method" name="newQuery" visibility="protected" complexity="1" crap="2" count="0"/>
        <line num="29" type="stmt" count="0"/>
        <line num="32" type="method" name="deleteEntity" visibility="protected" complexity="1" crap="2" count="0"/>
        <line num="34" type="stmt" count="0"/>
        <line num="36" type="stmt" count="0"/>
        <line num="39" type="method" name="sanitize" visibility="protected" complexity="1" crap="2" count="0"/>
        <line num="41" type="stmt" count="0"/>
        <metrics loc="44" ncloc="44" classes="1" methods="4" coveredmethods="0" conditionals="0" coveredconditionals="0" statements="11" coveredstatements="0" elements="15" coveredelements="0"/>
      </file>
      <file name="/home/vutv/prj/demo_unittest/api/Modules/Admin/Http/Actions/OtaAction.php">
        <class name="Modules\Admin\Http\Actions\OtaAction" namespace="Modules\Admin\Http\Actions">
          <metrics complexity="9" methods="5" coveredmethods="0" conditionals="0" coveredconditionals="0" statements="15" coveredstatements="0" elements="20" coveredelements="0"/>
        </class>
        <line num="15" type="method" name="run" visibility="protected" complexity="5" crap="30" count="0"/>
        <line num="17" type="stmt" count="0"/>
        <line num="18" type="stmt" count="0"/>
        <line num="20" type="stmt" count="0"/>
        <line num="21" type="stmt" count="0"/>
        <line num="22" type="stmt" count="0"/>
        <line num="23" type="stmt" count="0"/>
        <line num="24" type="stmt" count="0"/>
        <line num="25" type="stmt" count="0"/>
        <line num="28" type="method" name="newQuery" visibility="protected" complexity="1" crap="2" count="0"/>
        <line num="30" type="stmt" count="0"/>
        <line num="33" type="method" name="updateEntity" visibility="protected" complexity="1" crap="2" count="0"/>
        <line num="35" type="stmt" count="0"/>
        <line num="36" type="stmt" count="0"/>
        <line num="38" type="stmt" count="0"/>
        <line num="41" type="method" name="deleteEntity" visibility="protected" complexity="1" crap="2" count="0"/>
        <line num="43" type="stmt" count="0"/>
        <line num="45" type="stmt" count="0"/>
        <line num="48" type="method" name="sanitize" visibility="protected" complexity="1" crap="2" count="0"/>
        <line num="50" type="stmt" count="0"/>
        <metrics loc="52" ncloc="52" classes="1" methods="5" coveredmethods="0" conditionals="0" coveredconditionals="0" statements="15" coveredstatements="0" elements="20" coveredelements="0"/>
      </file>
      <file name="/home/vutv/prj/demo_unittest/api/Modules/Admin/Http/Actions/OtaGroupAction.php">
        <class name="Modules\Admin\Http\Actions\OtaGroupAction" namespace="Modules\Admin\Http\Actions">
          <metrics complexity="9" methods="5" coveredmethods="0" conditionals="0" coveredconditionals="0" statements="15" coveredstatements="0" elements="20" coveredelements="0"/>
        </class>
        <line num="15" type="method" name="run" visibility="protected" complexity="5" crap="30" count="0"/>
        <line num="17" type="stmt" count="0"/>
        <line num="18" type="stmt" count="0"/>
        <line num="20" type="stmt" count="0"/>
        <line num="21" type="stmt" count="0"/>
        <line num="22" type="stmt" count="0"/>
        <line num="23" type="stmt" count="0"/>
        <line num="24" type="stmt" count="0"/>
        <line num="25" type="stmt" count="0"/>
        <line num="28" type="method" name="newQuery" visibility="protected" complexity="1" crap="2" count="0"/>
        <line num="30" type="stmt" count="0"/>
        <line num="33" type="method" name="updateEntity" visibility="protected" complexity="1" crap="2" count="0"/>
        <line num="35" type="stmt" count="0"/>
        <line num="36" type="stmt" count="0"/>
        <line num="38" type="stmt" count="0"/>
        <line num="41" type="method" name="deleteEntity" visibility="protected" complexity="1" crap="2" count="0"/>
        <line num="43" type="stmt" count="0"/>
        <line num="45" type="stmt" count="0"/>
        <line num="48" type="method" name="sanitize" visibility="protected" complexity="1" crap="2" count="0"/>
        <line num="50" type="stmt" count="0"/>
        <metrics loc="53" ncloc="53" classes="1" methods="5" coveredmethods="0" conditionals="0" coveredconditionals="0" statements="15" coveredstatements="0" elements="20" coveredelements="0"/>
      </file>
      <file name="/home/vutv/prj/demo_unittest/api/Modules/Admin/Http/Actions/ReportSendAction.php">
        <class name="Modules\Admin\Http\Actions\ReportSendAction" namespace="Modules\Admin\Http\Actions">
          <metrics complexity="10" methods="3" coveredmethods="0" conditionals="0" coveredconditionals="0" statements="27" coveredstatements="0" elements="30" coveredelements="0"/>
        </class>
        <line num="10" type="method" name="run" visibility="protected" complexity="4" crap="20" count="0"/>
        <line num="12" type="stmt" count="0"/>
        <line num="13" type="stmt" count="0"/>
        <line num="15" type="stmt" count="0"/>
        <line num="16" type="stmt" count="0"/>
        <line num="17" type="stmt" count="0"/>
        <line num="18" type="stmt" count="0"/>
        <line num="19" type="stmt" count="0"/>
        <line num="22" type="method" name="sendReports" visibility="protected" complexity="1" crap="2" count="0"/>
        <line num="24" type="stmt" count="0"/>
        <line num="26" type="stmt" count="0"/>
        <line num="27" type="stmt" count="0"/>
        <line num="28" type="stmt" count="0"/>
        <line num="29" type="stmt" count="0"/>
        <line num="30" type="stmt" count="0"/>
        <line num="31" type="stmt" count="0"/>
        <line num="34" type="method" name="updateSelection" visibility="protected" complexity="5" crap="30" count="0"/>
        <line num="36" type="stmt" count="0"/>
        <line num="37" type="stmt" count="0"/>
        <line num="38" type="stmt" count="0"/>
        <line num="40" type="stmt" count="0"/>
        <line num="41" type="stmt" count="0"/>
        <line num="42" type="stmt" count="0"/>
        <line num="43" type="stmt" count="0"/>
        <line num="44" type="stmt" count="0"/>
        <line num="45" type="stmt" count="0"/>
        <line num="47" type="stmt" count="0"/>
        <line num="48" type="stmt" count="0"/>
        <line num="49" type="stmt" count="0"/>
        <line num="50" type="stmt" count="0"/>
        <metrics loc="53" ncloc="53" classes="1" methods="3" coveredmethods="0" conditionals="0" coveredconditionals="0" statements="27" coveredstatements="0" elements="30" coveredelements="0"/>
      </file>
      <file name="/home/vutv/prj/demo_unittest/api/Modules/Admin/Http/Actions/RestaurantApiKeyAction.php">
        <class name="Modules\Admin\Http\Actions\RestaurantApiKeyAction" namespace="Modules\Admin\Http\Actions">
          <metrics complexity="9" methods="5" coveredmethods="0" conditionals="0" coveredconditionals="0" statements="15" coveredstatements="0" elements="20" coveredelements="0"/>
        </class>
        <line num="15" type="method" name="run" visibility="protected" complexity="5" crap="30" count="0"/>
        <line num="17" type="stmt" count="0"/>
        <line num="18" type="stmt" count="0"/>
        <line num="20" type="stmt" count="0"/>
        <line num="21" type="stmt" count="0"/>
        <line num="22" type="stmt" count="0"/>
        <line num="23" type="stmt" count="0"/>
        <line num="24" type="stmt" count="0"/>
        <line num="25" type="stmt" count="0"/>
        <line num="28" type="method" name="newQuery" visibility="protected" complexity="1" crap="2" count="0"/>
        <line num="30" type="stmt" count="0"/>
        <line num="33" type="method" name="updateEntity" visibility="protected" complexity="1" crap="2" count="0"/>
        <line num="35" type="stmt" count="0"/>
        <line num="36" type="stmt" count="0"/>
        <line num="38" type="stmt" count="0"/>
        <line num="41" type="method" name="deleteEntity" visibility="protected" complexity="1" crap="2" count="0"/>
        <line num="43" type="stmt" count="0"/>
        <line num="45" type="stmt" count="0"/>
        <line num="48" type="method" name="sanitize" visibility="protected" complexity="1" crap="2" count="0"/>
        <line num="50" type="stmt" count="0"/>
        <metrics loc="53" ncloc="53" classes="1" methods="5" coveredmethods="0" conditionals="0" coveredconditionals="0" statements="15" coveredstatements="0" elements="20" coveredelements="0"/>
      </file>
      <file name="/home/vutv/prj/demo_unittest/api/Modules/Admin/Http/Actions/ReviewPerformanceAction.php">
        <class name="Modules\Admin\Http\Actions\ReviewPerformanceAction" namespace="Modules\Admin\Http\Actions">
          <metrics complexity="17" methods="6" coveredmethods="0" conditionals="0" coveredconditionals="0" statements="47" coveredstatements="0" elements="53" coveredelements="0"/>
        </class>
        <line num="15" type="method" name="run" visibility="protected" complexity="6" crap="42" count="0"/>
        <line num="17" type="stmt" count="0"/>
        <line num="18" type="stmt" count="0"/>
        <line num="20" type="stmt" count="0"/>
        <line num="21" type="stmt" count="0"/>
        <line num="22" type="stmt" count="0"/>
        <line num="23" type="stmt" count="0"/>
        <line num="24" type="stmt" count="0"/>
        <line num="25" type="stmt" count="0"/>
        <line num="26" type="stmt" count="0"/>
        <line num="29" type="method" name="newQuery" visibility="protected" complexity="1" crap="2" count="0"/>
        <line num="31" type="stmt" count="0"/>
        <line num="34" type="method" name="updateEntity" visibility="protected" complexity="1" crap="2" count="0"/>
        <line num="36" type="stmt" count="0"/>
        <line num="37" type="stmt" count="0"/>
        <line num="39" type="stmt" count="0"/>
        <line num="42" type="method" name="deleteEntity" visibility="protected" complexity="1" crap="2" count="0"/>
        <line num="44" type="stmt" count="0"/>
        <line num="46" type="stmt" count="0"/>
        <line num="49" type="method" name="importRows" visibility="protected" complexity="7" crap="56" count="0"/>
        <line num="51" type="stmt" count="0"/>
        <line num="53" type="stmt" count="0"/>
        <line num="54" type="stmt" count="0"/>
        <line num="55" type="stmt" count="0"/>
        <line num="58" type="stmt" count="0"/>
        <line num="59" type="stmt" count="0"/>
        <line num="60" type="stmt" count="0"/>
        <line num="61" type="stmt" count="0"/>
        <line num="62" type="stmt" count="0"/>
        <line num="63" type="stmt" count="0"/>
        <line num="64" type="stmt" count="0"/>
        <line num="65" type="stmt" count="0"/>
        <line num="66" type="stmt" count="0"/>
        <line num="67" type="stmt" count="0"/>
        <line num="68" type="stmt" count="0"/>
        <line num="69" type="stmt" count="0"/>
        <line num="70" type="stmt" count="0"/>
        <line num="71" type="stmt" count="0"/>
        <line num="73" type="stmt" count="0"/>
        <line num="74" type="stmt" count="0"/>
        <line num="77" type="stmt" count="0"/>
        <line num="78" type="stmt" count="0"/>
        <line num="79" type="stmt" count="0"/>
        <line num="80" type="stmt" count="0"/>
        <line num="81" type="stmt" count="0"/>
        <line num="82" type="stmt" count="0"/>
        <line num="83" type="stmt" count="0"/>
        <line num="84" type="stmt" count="0"/>
        <line num="85" type="stmt" count="0"/>
        <line num="87" type="stmt" count="0"/>
        <line num="90" type="stmt" count="0"/>
        <line num="93" type="method" name="sanitize" visibility="protected" complexity="1" crap="2" count="0"/>
        <line num="95" type="stmt" count="0"/>
        <metrics loc="98" ncloc="98" classes="1" methods="6" coveredmethods="0" conditionals="0" coveredconditionals="0" statements="47" coveredstatements="0" elements="53" coveredelements="0"/>
      </file>
      <file name="/home/vutv/prj/demo_unittest/api/Modules/Admin/Http/Actions/SettingAction.php">
        <class name="Modules\Admin\Http\Actions\SettingAction" namespace="Modules\Admin\Http\Actions">
          <metrics complexity="13" methods="3" coveredmethods="0" conditionals="0" coveredconditionals="0" statements="28" coveredstatements="0" elements="31" coveredelements="0"/>
        </class>
        <line num="10" type="method" name="run" visibility="protected" complexity="4" crap="20" count="0"/>
        <line num="12" type="stmt" count="0"/>
        <line num="13" type="stmt" count="0"/>
        <line num="15" type="stmt" count="0"/>
        <line num="16" type="stmt" count="0"/>
        <line num="17" type="stmt" count="0"/>
        <line num="18" type="stmt" count="0"/>
        <line num="19" type="stmt" count="0"/>
        <line num="22" type="method" name="upsertSettings" visibility="protected" complexity="5" crap="30" count="0"/>
        <line num="24" type="stmt" count="0"/>
        <line num="25" type="stmt" count="0"/>
        <line num="26" type="stmt" count="0"/>
        <line num="29" type="stmt" count="0"/>
        <line num="30" type="stmt" count="0"/>
        <line num="31" type="stmt" count="0"/>
        <line num="32" type="stmt" count="0"/>
        <line num="35" type="stmt" count="0"/>
        <line num="38" type="method" name="updateIgnoreCharacters" visibility="protected" complexity="4" crap="20" count="0"/>
        <line num="40" type="stmt" count="0"/>
        <line num="41" type="stmt" count="0"/>
        <line num="42" type="stmt" count="0"/>
        <line num="43" type="stmt" count="0"/>
        <line num="45" type="stmt" count="0"/>
        <line num="46" type="stmt" count="0"/>
        <line num="47" type="stmt" count="0"/>
        <line num="49" type="stmt" count="0"/>
        <line num="50" type="stmt" count="0"/>
        <line num="51" type="stmt" count="0"/>
        <line num="52" type="stmt" count="0"/>
        <line num="53" type="stmt" count="0"/>
        <line num="56" type="stmt" count="0"/>
        <metrics loc="59" ncloc="59" classes="1" methods="3" coveredmethods="0" conditionals="0" coveredconditionals="0" statements="28" coveredstatements="0" elements="31" coveredelements="0"/>
      </file>
      <file name="/home/vutv/prj/demo_unittest/api/Modules/Admin/Http/Actions/TemplateSurveyAction.php">
        <class name="Modules\Admin\Http\Actions\TemplateSurveyAction" namespace="Modules\Admin\Http\Actions">
          <metrics complexity="11" methods="6" coveredmethods="0" conditionals="0" coveredconditionals="0" statements="21" coveredstatements="0" elements="27" coveredelements="0"/>
        </class>
        <line num="15" type="method" name="run" visibility="protected" complexity="6" crap="42" count="0"/>
        <line num="17" type="stmt" count="0"/>
        <line num="18" type="stmt" count="0"/>
        <line num="20" type="stmt" count="0"/>
        <line num="21" type="stmt" count="0"/>
        <line num="22" type="stmt" count="0"/>
        <line num="23" type="stmt" count="0"/>
        <line num="24" type="stmt" count="0"/>
        <line num="25" type="stmt" count="0"/>
        <line num="26" type="stmt" count="0"/>
        <line num="29" type="method" name="newQuery" visibility="protected" complexity="1" crap="2" count="0"/>
        <line num="31" type="stmt" count="0"/>
        <line num="34" type="method" name="updateEntity" visibility="protected" complexity="1" crap="2" count="0"/>
        <line num="36" type="stmt" count="0"/>
        <line num="37" type="stmt" count="0"/>
        <line num="39" type="stmt" count="0"/>
        <line num="42" type="method" name="deleteEntity" visibility="protected" complexity="1" crap="2" count="0"/>
        <line num="44" type="stmt" count="0"/>
        <line num="46" type="stmt" count="0"/>
        <line num="49" type="method" name="copyEntity" visibility="protected" complexity="1" crap="2" count="0"/>
        <line num="51" type="stmt" count="0"/>
        <line num="52" type="stmt" count="0"/>
        <line num="53" type="stmt" count="0"/>
        <line num="54" type="stmt" count="0"/>
        <line num="56" type="stmt" count="0"/>
        <line num="59" type="method" name="sanitize" visibility="protected" complexity="1" crap="2" count="0"/>
        <line num="61" type="stmt" count="0"/>
        <metrics loc="64" ncloc="64" classes="1" methods="6" coveredmethods="0" conditionals="0" coveredconditionals="0" statements="21" coveredstatements="0" elements="27" coveredelements="0"/>
      </file>
      <file name="/home/vutv/prj/demo_unittest/api/Modules/Admin/Http/Actions/UserAction.php">
        <class name="Modules\Admin\Http\Actions\UserAction" namespace="Modules\Admin\Http\Actions">
          <metrics complexity="12" methods="6" coveredmethods="0" conditionals="0" coveredconditionals="0" statements="23" coveredstatements="0" elements="29" coveredelements="0"/>
        </class>
        <line num="16" type="method" name="run" visibility="protected" complexity="5" crap="30" count="0"/>
        <line num="18" type="stmt" count="0"/>
        <line num="19" type="stmt" count="0"/>
        <line num="21" type="stmt" count="0"/>
        <line num="22" type="stmt" count="0"/>
        <line num="23" type="stmt" count="0"/>
        <line num="24" type="stmt" count="0"/>
        <line num="25" type="stmt" count="0"/>
        <line num="26" type="stmt" count="0"/>
        <line num="29" type="method" name="newQuery" visibility="protected" complexity="1" crap="2" count="0"/>
        <line num="31" type="stmt" count="0"/>
        <line num="34" type="method" name="createEntity" visibility="protected" complexity="1" crap="2" count="0"/>
        <line num="36" type="stmt" count="0"/>
        <line num="37" type="stmt" count="0"/>
        <line num="40" type="method" name="updateEntity" visibility="protected" complexity="1" crap="2" count="0"/>
        <line num="42" type="stmt" count="0"/>
        <line num="43" type="stmt" count="0"/>
        <line num="45" type="stmt" count="0"/>
        <line num="48" type="method" name="deleteEntity" visibility="protected" complexity="1" crap="2" count="0"/>
        <line num="50" type="stmt" count="0"/>
        <line num="52" type="stmt" count="0"/>
        <line num="55" type="method" name="sanitize" visibility="protected" complexity="3" crap="12" count="0"/>
        <line num="57" type="stmt" count="0"/>
        <line num="58" type="stmt" count="0"/>
        <line num="60" type="stmt" count="0"/>
        <line num="61" type="stmt" count="0"/>
        <line num="62" type="stmt" count="0"/>
        <line num="63" type="stmt" count="0"/>
        <line num="66" type="stmt" count="0"/>
        <metrics loc="68" ncloc="68" classes="1" methods="6" coveredmethods="0" conditionals="0" coveredconditionals="0" statements="23" coveredstatements="0" elements="29" coveredelements="0"/>
      </file>
    </package>
    <package name="Modules\Admin\Http\Controllers">
      <file name="/home/vutv/prj/demo_unittest/api/Modules/Admin/Http/Controllers/AccountController.php">
        <class name="Modules\Admin\Http\Controllers\AccountController" namespace="Modules\Admin\Http\Controllers">
          <metrics complexity="4" methods="3" coveredmethods="0" conditionals="0" coveredconditionals="0" statements="21" coveredstatements="0" elements="24" coveredelements="0"/>
        </class>
        <line num="10" type="method" name="create" visibility="public" complexity="1" crap="2" count="0"/>
        <line num="12" type="stmt" count="0"/>
        <line num="13" type="stmt" count="0"/>
        <line num="14" type="stmt" count="0"/>
        <line num="15" type="stmt" count="0"/>
        <line num="16" type="stmt" count="0"/>
        <line num="19" type="method" name="store" visibility="public" complexity="2" crap="6" count="0"/>
        <line num="22" type="stmt" count="0"/>
        <line num="23" type="stmt" count="0"/>
        <line num="24" type="stmt" count="0"/>
        <line num="25" type="stmt" count="0"/>
        <line num="27" type="stmt" count="0"/>
        <line num="28" type="stmt" count="0"/>
        <line num="29" type="stmt" count="0"/>
        <line num="33" type="method" name="downloadSampleCsv" visibility="public" complexity="1" crap="2" count="0"/>
        <line num="35" type="stmt" count="0"/>
        <line num="36" type="stmt" count="0"/>
        <line num="37" type="stmt" count="0"/>
        <line num="38" type="stmt" count="0"/>
        <line num="39" type="stmt" count="0"/>
        <line num="41" type="stmt" count="0"/>
        <line num="42" type="stmt" count="0"/>
        <line num="43" type="stmt" count="0"/>
        <line num="44" type="stmt" count="0"/>
        <metrics loc="47" ncloc="47" classes="1" methods="3" coveredmethods="0" conditionals="0" coveredconditionals="0" statements="21" coveredstatements="0" elements="24" coveredelements="0"/>
      </file>
      <file name="/home/vutv/prj/demo_unittest/api/Modules/Admin/Http/Controllers/AdminController.php">
        <class name="Modules\Admin\Http\Controllers\AdminController" namespace="Modules\Admin\Http\Controllers">
          <metrics complexity="0" methods="0" coveredmethods="0" conditionals="0" coveredconditionals="0" statements="0" coveredstatements="0" elements="0" coveredelements="0"/>
        </class>
        <metrics loc="11" ncloc="10" classes="0" methods="0" coveredmethods="0" conditionals="0" coveredconditionals="0" statements="0" coveredstatements="0" elements="0" coveredelements="0"/>
      </file>
      <file name="/home/vutv/prj/demo_unittest/api/Modules/Admin/Http/Controllers/ApiSystemController.php">
        <class name="Modules\Admin\Http\Controllers\ApiSystemController" namespace="Modules\Admin\Http\Controllers">
          <metrics complexity="6" methods="6" coveredmethods="0" conditionals="0" coveredconditionals="0" statements="7" coveredstatements="0" elements="13" coveredelements="0"/>
        </class>
        <line num="43" type="method" name="create" visibility="public" complexity="1" crap="2" count="0"/>
        <line num="45" type="stmt" count="0"/>
        <line num="48" type="method" name="update" visibility="public" complexity="1" crap="2" count="0"/>
        <line num="50" type="stmt" count="0"/>
        <line num="53" type="method" name="delete" visibility="public" complexity="1" crap="2" count="0"/>
        <line num="55" type="stmt" count="0"/>
        <line num="58" type="method" name="bulkDelete" visibility="public" complexity="1" crap="2" count="0"/>
        <line num="60" type="stmt" count="0"/>
        <line num="63" type="method" name="search" visibility="public" complexity="1" crap="2" count="0"/>
        <line num="65" type="stmt" count="0"/>
        <line num="66" type="stmt" count="0"/>
        <line num="69" type="method" name="getDetail" visibility="public" complexity="1" crap="2" count="0"/>
        <line num="71" type="stmt" count="0"/>
        <metrics loc="74" ncloc="74" classes="1" methods="6" coveredmethods="0" conditionals="0" coveredconditionals="0" statements="7" coveredstatements="0" elements="13" coveredelements="0"/>
      </file>
      <file name="/home/vutv/prj/demo_unittest/api/Modules/Admin/Http/Controllers/ChainController.php">
        <class name="Modules\Admin\Http\Controllers\ChainController" namespace="Modules\Admin\Http\Controllers">
          <metrics complexity="7" methods="7" coveredmethods="0" conditionals="0" coveredconditionals="0" statements="15" coveredstatements="0" elements="22" coveredelements="0"/>
        </class>
        <line num="40" type="method" name="create" visibility="public" complexity="1" crap="2" count="0"/>
        <line num="42" type="stmt" count="0"/>
        <line num="45" type="method" name="update" visibility="public" complexity="1" crap="2" count="0"/>
        <line num="47" type="stmt" count="0"/>
        <line num="50" type="method" name="delete" visibility="public" complexity="1" crap="2" count="0"/>
        <line num="52" type="stmt" count="0"/>
        <line num="55" type="method" name="search" visibility="public" complexity="1" crap="2" count="0"/>
        <line num="57" type="stmt" count="0"/>
        <line num="58" type="stmt" count="0"/>
        <line num="61" type="method" name="getDetail" visibility="public" complexity="1" crap="2" count="0"/>
        <line num="63" type="stmt" count="0"/>
        <line num="66" type="method" name="bulkDelete" visibility="public" complexity="1" crap="2" count="0"/>
        <line num="68" type="stmt" count="0"/>
        <line num="69" type="stmt" count="0"/>
        <line num="71" type="stmt" count="0"/>
        <line num="74" type="method" name="loginAsChain" visibility="public" complexity="1" crap="2" count="0"/>
        <line num="76" type="stmt" count="0"/>
        <line num="78" type="stmt" count="0"/>
        <line num="79" type="stmt" count="0"/>
        <line num="80" type="stmt" count="0"/>
        <line num="81" type="stmt" count="0"/>
        <line num="82" type="stmt" count="0"/>
        <metrics loc="84" ncloc="84" classes="1" methods="7" coveredmethods="0" conditionals="0" coveredconditionals="0" statements="15" coveredstatements="0" elements="22" coveredelements="0"/>
      </file>
      <file name="/home/vutv/prj/demo_unittest/api/Modules/Admin/Http/Controllers/CountryController.php">
        <class name="Modules\Admin\Http\Controllers\CountryController" namespace="Modules\Admin\Http\Controllers">
          <metrics complexity="5" methods="5" coveredmethods="0" conditionals="0" coveredconditionals="0" statements="6" coveredstatements="0" elements="11" coveredelements="0"/>
        </class>
        <line num="37" type="method" name="create" visibility="public" complexity="1" crap="2" count="0"/>
        <line num="39" type="stmt" count="0"/>
        <line num="42" type="method" name="update" visibility="public" complexity="1" crap="2" count="0"/>
        <line num="44" type="stmt" count="0"/>
        <line num="47" type="method" name="delete" visibility="public" complexity="1" crap="2" count="0"/>
        <line num="49" type="stmt" count="0"/>
        <line num="52" type="method" name="search" visibility="public" complexity="1" crap="2" count="0"/>
        <line num="54" type="stmt" count="0"/>
        <line num="55" type="stmt" count="0"/>
        <line num="58" type="method" name="getDetail" visibility="public" complexity="1" crap="2" count="0"/>
        <line num="60" type="stmt" count="0"/>
        <metrics loc="62" ncloc="62" classes="1" methods="5" coveredmethods="0" conditionals="0" coveredconditionals="0" statements="6" coveredstatements="0" elements="11" coveredelements="0"/>
      </file>
      <file name="/home/vutv/prj/demo_unittest/api/Modules/Admin/Http/Controllers/CrawlerErrorLogController.php">
        <class name="Modules\Admin\Http\Controllers\CrawlerErrorLogController" namespace="Modules\Admin\Http\Controllers">
          <metrics complexity="5" methods="5" coveredmethods="0" conditionals="0" coveredconditionals="0" statements="6" coveredstatements="0" elements="11" coveredelements="0"/>
        </class>
        <line num="37" type="method" name="create" visibility="public" complexity="1" crap="2" count="0"/>
        <line num="39" type="stmt" count="0"/>
        <line num="42" type="method" name="update" visibility="public" complexity="1" crap="2" count="0"/>
        <line num="44" type="stmt" count="0"/>
        <line num="47" type="method" name="delete" visibility="public" complexity="1" crap="2" count="0"/>
        <line num="49" type="stmt" count="0"/>
        <line num="52" type="method" name="search" visibility="public" complexity="1" crap="2" count="0"/>
        <line num="54" type="stmt" count="0"/>
        <line num="55" type="stmt" count="0"/>
        <line num="58" type="method" name="getDetail" visibility="public" complexity="1" crap="2" count="0"/>
        <line num="60" type="stmt" count="0"/>
        <metrics loc="63" ncloc="63" classes="1" methods="5" coveredmethods="0" conditionals="0" coveredconditionals="0" statements="6" coveredstatements="0" elements="11" coveredelements="0"/>
      </file>
      <file name="/home/vutv/prj/demo_unittest/api/Modules/Admin/Http/Controllers/DashboardController.php">
        <class name="Modules\Admin\Http\Controllers\DashboardController" namespace="Modules\Admin\Http\Controllers">
          <metrics complexity="1" methods="1" coveredmethods="0" conditionals="0" coveredconditionals="0" statements="9" coveredstatements="0" elements="10" coveredelements="0"/>
        </class>
        <line num="13" type="method" name="index" visibility="public" complexity="1" crap="2" count="0"/>
        <line num="15" type="stmt" count="0"/>
        <line num="16" type="stmt" count="0"/>
        <line num="17" type="stmt" count="0"/>
        <line num="18" type="stmt" count="0"/>
        <line num="19" type="stmt" count="0"/>
        <line num="20" type="stmt" count="0"/>
        <line num="21" type="stmt" count="0"/>
        <line num="22" type="stmt" count="0"/>
        <line num="23" type="stmt" count="0"/>
        <metrics loc="25" ncloc="25" classes="1" methods="1" coveredmethods="0" conditionals="0" coveredconditionals="0" statements="9" coveredstatements="0" elements="10" coveredelements="0"/>
      </file>
      <file name="/home/vutv/prj/demo_unittest/api/Modules/Admin/Http/Controllers/HotelController.php">
        <class name="Modules\Admin\Http\Controllers\HotelController" namespace="Modules\Admin\Http\Controllers">
          <metrics complexity="14" methods="14" coveredmethods="0" conditionals="0" coveredconditionals="0" statements="67" coveredstatements="0" elements="81" coveredelements="0"/>
        </class>
        <line num="44" type="method" name="create" visibility="public" complexity="1" crap="2" count="0"/>
        <line num="46" type="stmt" count="0"/>
        <line num="49" type="method" name="update" visibility="public" complexity="1" crap="2" count="0"/>
        <line num="51" type="stmt" count="0"/>
        <line num="54" type="method" name="delete" visibility="public" complexity="1" crap="2" count="0"/>
        <line num="56" type="stmt" count="0"/>
        <line num="59" type="method" name="search" visibility="public" complexity="1" crap="2" count="0"/>
        <line num="61" type="stmt" count="0"/>
        <line num="62" type="stmt" count="0"/>
        <line num="65" type="method" name="getDetail" visibility="public" complexity="1" crap="2" count="0"/>
        <line num="67" type="stmt" count="0"/>
        <line num="70" type="method" name="bulkDelete" visibility="public" complexity="1" crap="2" count="0"/>
        <line num="72" type="stmt" count="0"/>
        <line num="73" type="stmt" count="0"/>
        <line num="75" type="stmt" count="0"/>
        <line num="78" type="method" name="duplicate" visibility="public" complexity="1" crap="2" count="0"/>
        <line num="80" type="stmt" count="0"/>
        <line num="81" type="stmt" count="0"/>
        <line num="82" type="stmt" count="0"/>
        <line num="83" type="stmt" count="0"/>
        <line num="85" type="stmt" count="0"/>
        <line num="88" type="method" name="loginAsManager" visibility="public" complexity="1" crap="2" count="0"/>
        <line num="90" type="stmt" count="0"/>
        <line num="92" type="stmt" count="0"/>
        <line num="93" type="stmt" count="0"/>
        <line num="94" type="stmt" count="0"/>
        <line num="95" type="stmt" count="0"/>
        <line num="96" type="stmt" count="0"/>
        <line num="99" type="method" name="crawlSetting" visibility="public" complexity="1" crap="2" count="0"/>
        <line num="101" type="stmt" count="0"/>
        <line num="103" type="stmt" count="0"/>
        <line num="104" type="stmt" count="0"/>
        <line num="105" type="stmt" count="0"/>
        <line num="106" type="stmt" count="0"/>
        <line num="107" type="stmt" count="0"/>
        <line num="108" type="stmt" count="0"/>
        <line num="109" type="stmt" count="0"/>
        <line num="110" type="stmt" count="0"/>
        <line num="111" type="stmt" count="0"/>
        <line num="112" type="stmt" count="0"/>
        <line num="115" type="method" name="crawlSettingUpdate" visibility="public" complexity="1" crap="2" count="0"/>
        <line num="117" type="stmt" count="0"/>
        <line num="118" type="stmt" count="0"/>
        <line num="120" type="stmt" count="0"/>
        <line num="121" type="stmt" count="0"/>
        <line num="122" type="stmt" count="0"/>
        <line num="123" type="stmt" count="0"/>
        <line num="124" type="stmt" count="0"/>
        <line num="125" type="stmt" count="0"/>
        <line num="126" type="stmt" count="0"/>
        <line num="127" type="stmt" count="0"/>
        <line num="130" type="method" name="analytics" visibility="public" complexity="1" crap="2" count="0"/>
        <line num="132" type="stmt" count="0"/>
        <line num="133" type="stmt" count="0"/>
        <line num="134" type="stmt" count="0"/>
        <line num="137" type="method" name="analyticsExport" visibility="public" complexity="1" crap="2" count="0"/>
        <line num="139" type="stmt" count="0"/>
        <line num="140" type="stmt" count="0"/>
        <line num="141" type="stmt" count="0"/>
        <line num="142" type="stmt" count="0"/>
        <line num="143" type="stmt" count="0"/>
        <line num="144" type="stmt" count="0"/>
        <line num="145" type="stmt" count="0"/>
        <line num="146" type="stmt" count="0"/>
        <line num="148" type="stmt" count="0"/>
        <line num="149" type="stmt" count="0"/>
        <line num="150" type="stmt" count="0"/>
        <line num="151" type="stmt" count="0"/>
        <line num="154" type="method" name="analyticsDownloadPdf" visibility="public" complexity="1" crap="2" count="0"/>
        <line num="156" type="stmt" count="0"/>
        <line num="157" type="stmt" count="0"/>
        <line num="158" type="stmt" count="0"/>
        <line num="159" type="stmt" count="0"/>
        <line num="160" type="stmt" count="0"/>
        <line num="162" type="stmt" count="0"/>
        <line num="165" type="method" name="analyticsSummaryData" visibility="private" complexity="1" crap="2" count="0"/>
        <line num="167" type="stmt" count="0"/>
        <line num="168" type="stmt" count="0"/>
        <line num="169" type="stmt" count="0"/>
        <line num="170" type="stmt" count="0"/>
        <line num="171" type="stmt" count="0"/>
        <metrics loc="173" ncloc="173" classes="1" methods="14" coveredmethods="0" conditionals="0" coveredconditionals="0" statements="67" coveredstatements="0" elements="81" coveredelements="0"/>
      </file>
      <file name="/home/vutv/prj/demo_unittest/api/Modules/Admin/Http/Controllers/MessageExclusionRulesController.php">
        <class name="Modules\Admin\Http\Controllers\MessageExclusionRulesController" namespace="Modules\Admin\Http\Controllers">
          <metrics complexity="7" methods="6" coveredmethods="0" conditionals="0" coveredconditionals="0" statements="13" coveredstatements="0" elements="19" coveredelements="0"/>
        </class>
        <line num="37" type="method" name="create" visibility="public" complexity="1" crap="2" count="0"/>
        <line num="39" type="stmt" count="0"/>
        <line num="42" type="method" name="update" visibility="public" complexity="1" crap="2" count="0"/>
        <line num="44" type="stmt" count="0"/>
        <line num="47" type="method" name="delete" visibility="public" complexity="1" crap="2" count="0"/>
        <line num="49" type="stmt" count="0"/>
        <line num="52" type="method" name="search" visibility="public" complexity="1" crap="2" count="0"/>
        <line num="54" type="stmt" count="0"/>
        <line num="55" type="stmt" count="0"/>
        <line num="58" type="method" name="getDetail" visibility="public" complexity="1" crap="2" count="0"/>
        <line num="60" type="stmt" count="0"/>
        <line num="63" type="method" name="deleteByGroup" visibility="public" complexity="2" crap="6" count="0"/>
        <line num="66" type="stmt" count="0"/>
        <line num="67" type="stmt" count="0"/>
        <line num="68" type="stmt" count="0"/>
        <line num="69" type="stmt" count="0"/>
        <line num="71" type="stmt" count="0"/>
        <line num="72" type="stmt" count="0"/>
        <line num="73" type="stmt" count="0"/>
        <metrics loc="77" ncloc="77" classes="1" methods="6" coveredmethods="0" conditionals="0" coveredconditionals="0" statements="13" coveredstatements="0" elements="19" coveredelements="0"/>
      </file>
      <file name="/home/vutv/prj/demo_unittest/api/Modules/Admin/Http/Controllers/NotificationController.php">
        <class name="Modules\Admin\Http\Controllers\NotificationController" namespace="Modules\Admin\Http\Controllers">
          <metrics complexity="4" methods="4" coveredmethods="0" conditionals="0" coveredconditionals="0" statements="5" coveredstatements="0" elements="9" coveredelements="0"/>
        </class>
        <line num="32" type="method" name="create" visibility="public" complexity="1" crap="2" count="0"/>
        <line num="34" type="stmt" count="0"/>
        <line num="37" type="method" name="delete" visibility="public" complexity="1" crap="2" count="0"/>
        <line num="39" type="stmt" count="0"/>
        <line num="42" type="method" name="search" visibility="public" complexity="1" crap="2" count="0"/>
        <line num="44" type="stmt" count="0"/>
        <line num="45" type="stmt" count="0"/>
        <line num="48" type="method" name="getDetail" visibility="public" complexity="1" crap="2" count="0"/>
        <line num="50" type="stmt" count="0"/>
        <metrics loc="53" ncloc="53" classes="1" methods="4" coveredmethods="0" conditionals="0" coveredconditionals="0" statements="5" coveredstatements="0" elements="9" coveredelements="0"/>
      </file>
      <file name="/home/vutv/prj/demo_unittest/api/Modules/Admin/Http/Controllers/OtaController.php">
        <class name="Modules\Admin\Http\Controllers\OtaController" namespace="Modules\Admin\Http\Controllers">
          <metrics complexity="7" methods="7" coveredmethods="0" conditionals="0" coveredconditionals="0" statements="21" coveredstatements="0" elements="28" coveredelements="0"/>
        </class>
        <line num="39" type="method" name="create" visibility="public" complexity="1" crap="2" count="0"/>
        <line num="41" type="stmt" count="0"/>
        <line num="44" type="method" name="update" visibility="public" complexity="1" crap="2" count="0"/>
        <line num="46" type="stmt" count="0"/>
        <line num="49" type="method" name="delete" visibility="public" complexity="1" crap="2" count="0"/>
        <line num="51" type="stmt" count="0"/>
        <line num="54" type="method" name="search" visibility="public" complexity="1" crap="2" count="0"/>
        <line num="56" type="stmt" count="0"/>
        <line num="57" type="stmt" count="0"/>
        <line num="60" type="method" name="getDetail" visibility="public" complexity="1" crap="2" count="0"/>
        <line num="62" type="stmt" count="0"/>
        <line num="65" type="method" name="downloadSampleHotelCodeTagCsv" visibility="public" complexity="1" crap="2" count="0"/>
        <line num="67" type="stmt" count="0"/>
        <line num="68" type="stmt" count="0"/>
        <line num="69" type="stmt" count="0"/>
        <line num="70" type="stmt" count="0"/>
        <line num="72" type="stmt" count="0"/>
        <line num="73" type="stmt" count="0"/>
        <line num="74" type="stmt" count="0"/>
        <line num="75" type="stmt" count="0"/>
        <line num="78" type="method" name="importHotelCodeTagCsv" visibility="public" complexity="1" crap="2" count="0"/>
        <line num="80" type="stmt" count="0"/>
        <line num="81" type="stmt" count="0"/>
        <line num="83" type="stmt" count="0"/>
        <line num="84" type="stmt" count="0"/>
        <line num="85" type="stmt" count="0"/>
        <line num="86" type="stmt" count="0"/>
        <line num="87" type="stmt" count="0"/>
        <metrics loc="89" ncloc="89" classes="1" methods="7" coveredmethods="0" conditionals="0" coveredconditionals="0" statements="21" coveredstatements="0" elements="28" coveredelements="0"/>
      </file>
      <file name="/home/vutv/prj/demo_unittest/api/Modules/Admin/Http/Controllers/OtaGroupController.php">
        <class name="Modules\Admin\Http\Controllers\OtaGroupController" namespace="Modules\Admin\Http\Controllers">
          <metrics complexity="5" methods="5" coveredmethods="0" conditionals="0" coveredconditionals="0" statements="6" coveredstatements="0" elements="11" coveredelements="0"/>
        </class>
        <line num="37" type="method" name="create" visibility="public" complexity="1" crap="2" count="0"/>
        <line num="39" type="stmt" count="0"/>
        <line num="42" type="method" name="update" visibility="public" complexity="1" crap="2" count="0"/>
        <line num="44" type="stmt" count="0"/>
        <line num="47" type="method" name="delete" visibility="public" complexity="1" crap="2" count="0"/>
        <line num="49" type="stmt" count="0"/>
        <line num="52" type="method" name="search" visibility="public" complexity="1" crap="2" count="0"/>
        <line num="54" type="stmt" count="0"/>
        <line num="55" type="stmt" count="0"/>
        <line num="58" type="method" name="getDetail" visibility="public" complexity="1" crap="2" count="0"/>
        <line num="60" type="stmt" count="0"/>
        <metrics loc="63" ncloc="63" classes="1" methods="5" coveredmethods="0" conditionals="0" coveredconditionals="0" statements="6" coveredstatements="0" elements="11" coveredelements="0"/>
      </file>
      <file name="/home/vutv/prj/demo_unittest/api/Modules/Admin/Http/Controllers/ReportSendController.php">
        <class name="Modules\Admin\Http\Controllers\ReportSendController" namespace="Modules\Admin\Http\Controllers">
          <metrics complexity="9" methods="6" coveredmethods="0" conditionals="0" coveredconditionals="0" statements="33" coveredstatements="0" elements="39" coveredelements="0"/>
        </class>
        <line num="15" type="method" name="search" visibility="public" complexity="2" crap="6" count="0"/>
        <line num="17" type="stmt" count="0"/>
        <line num="20" type="stmt" count="0"/>
        <line num="21" type="stmt" count="0"/>
        <line num="22" type="stmt" count="0"/>
        <line num="26" type="method" name="updateSelection" visibility="public" complexity="2" crap="6" count="0"/>
        <line num="29" type="stmt" count="0"/>
        <line num="30" type="stmt" count="0"/>
        <line num="32" type="stmt" count="0"/>
        <line num="34" type="stmt" count="0"/>
        <line num="35" type="stmt" count="0"/>
        <line num="36" type="stmt" count="0"/>
        <line num="40" type="method" name="sendList" visibility="public" complexity="1" crap="2" count="0"/>
        <line num="42" type="stmt" count="0"/>
        <line num="44" type="stmt" count="0"/>
        <line num="45" type="stmt" count="0"/>
        <line num="46" type="stmt" count="0"/>
        <line num="47" type="stmt" count="0"/>
        <line num="48" type="stmt" count="0"/>
        <line num="49" type="stmt" count="0"/>
        <line num="51" type="stmt" count="0"/>
        <line num="54" type="method" name="sendReports" visibility="public" complexity="2" crap="6" count="0"/>
        <line num="57" type="stmt" count="0"/>
        <line num="58" type="stmt" count="0"/>
        <line num="60" type="stmt" count="0"/>
        <line num="62" type="stmt" count="0"/>
        <line num="63" type="stmt" count="0"/>
        <line num="64" type="stmt" count="0"/>
        <line num="68" type="method" name="getReviewPerformanceData" visibility="public" complexity="1" crap="2" count="0"/>
        <line num="70" type="stmt" count="0"/>
        <line num="72" type="stmt" count="0"/>
        <line num="73" type="stmt" count="0"/>
        <line num="74" type="stmt" count="0"/>
        <line num="75" type="stmt" count="0"/>
        <line num="76" type="stmt" count="0"/>
        <line num="77" type="stmt" count="0"/>
        <line num="79" type="stmt" count="0"/>
        <line num="82" type="method" name="errorList" visibility="public" complexity="1" crap="2" count="0"/>
        <line num="84" type="stmt" count="0"/>
        <metrics loc="87" ncloc="87" classes="1" methods="6" coveredmethods="0" conditionals="0" coveredconditionals="0" statements="33" coveredstatements="0" elements="39" coveredelements="0"/>
      </file>
      <file name="/home/vutv/prj/demo_unittest/api/Modules/Admin/Http/Controllers/RestaurantApiKeyController.php">
        <class name="Modules\Admin\Http\Controllers\RestaurantApiKeyController" namespace="Modules\Admin\Http\Controllers">
          <metrics complexity="6" methods="6" coveredmethods="0" conditionals="0" coveredconditionals="0" statements="7" coveredstatements="0" elements="13" coveredelements="0"/>
        </class>
        <line num="37" type="method" name="create" visibility="public" complexity="1" crap="2" count="0"/>
        <line num="39" type="stmt" count="0"/>
        <line num="42" type="method" name="update" visibility="public" complexity="1" crap="2" count="0"/>
        <line num="44" type="stmt" count="0"/>
        <line num="47" type="method" name="delete" visibility="public" complexity="1" crap="2" count="0"/>
        <line num="49" type="stmt" count="0"/>
        <line num="52" type="method" name="search" visibility="public" complexity="1" crap="2" count="0"/>
        <line num="54" type="stmt" count="0"/>
        <line num="55" type="stmt" count="0"/>
        <line num="58" type="method" name="getDetail" visibility="public" complexity="1" crap="2" count="0"/>
        <line num="60" type="stmt" count="0"/>
        <line num="63" type="method" name="destroyLegacy" visibility="public" complexity="1" crap="2" count="0"/>
        <line num="65" type="stmt" count="0"/>
        <metrics loc="68" ncloc="68" classes="1" methods="6" coveredmethods="0" conditionals="0" coveredconditionals="0" statements="7" coveredstatements="0" elements="13" coveredelements="0"/>
      </file>
      <file name="/home/vutv/prj/demo_unittest/api/Modules/Admin/Http/Controllers/ReviewPerformanceController.php">
        <class name="Modules\Admin\Http\Controllers\ReviewPerformanceController" namespace="Modules\Admin\Http\Controllers">
          <metrics complexity="9" methods="9" coveredmethods="0" conditionals="0" coveredconditionals="0" statements="31" coveredstatements="0" elements="40" coveredelements="0"/>
        </class>
        <line num="40" type="method" name="create" visibility="public" complexity="1" crap="2" count="0"/>
        <line num="42" type="stmt" count="0"/>
        <line num="45" type="method" name="update" visibility="public" complexity="1" crap="2" count="0"/>
        <line num="47" type="stmt" count="0"/>
        <line num="50" type="method" name="delete" visibility="public" complexity="1" crap="2" count="0"/>
        <line num="52" type="stmt" count="0"/>
        <line num="55" type="method" name="search" visibility="public" complexity="1" crap="2" count="0"/>
        <line num="57" type="stmt" count="0"/>
        <line num="58" type="stmt" count="0"/>
        <line num="61" type="method" name="getDetail" visibility="public" complexity="1" crap="2" count="0"/>
        <line num="63" type="stmt" count="0"/>
        <line num="66" type="method" name="validateImport" visibility="public" complexity="1" crap="2" count="0"/>
        <line num="68" type="stmt" count="0"/>
        <line num="69" type="stmt" count="0"/>
        <line num="71" type="stmt" count="0"/>
        <line num="74" type="method" name="previewImport" visibility="public" complexity="1" crap="2" count="0"/>
        <line num="76" type="stmt" count="0"/>
        <line num="78" type="stmt" count="0"/>
        <line num="79" type="stmt" count="0"/>
        <line num="80" type="stmt" count="0"/>
        <line num="81" type="stmt" count="0"/>
        <line num="82" type="stmt" count="0"/>
        <line num="85" type="method" name="importStore" visibility="public" complexity="1" crap="2" count="0"/>
        <line num="87" type="stmt" count="0"/>
        <line num="89" type="stmt" count="0"/>
        <line num="90" type="stmt" count="0"/>
        <line num="91" type="stmt" count="0"/>
        <line num="92" type="stmt" count="0"/>
        <line num="94" type="stmt" count="0"/>
        <line num="96" type="stmt" count="0"/>
        <line num="99" type="method" name="downloadSampleCsv" visibility="public" complexity="1" crap="2" count="0"/>
        <line num="101" type="stmt" count="0"/>
        <line num="102" type="stmt" count="0"/>
        <line num="103" type="stmt" count="0"/>
        <line num="104" type="stmt" count="0"/>
        <line num="105" type="stmt" count="0"/>
        <line num="107" type="stmt" count="0"/>
        <line num="108" type="stmt" count="0"/>
        <line num="109" type="stmt" count="0"/>
        <line num="110" type="stmt" count="0"/>
        <metrics loc="113" ncloc="113" classes="1" methods="9" coveredmethods="0" conditionals="0" coveredconditionals="0" statements="31" coveredstatements="0" elements="40" coveredelements="0"/>
      </file>
      <file name="/home/vutv/prj/demo_unittest/api/Modules/Admin/Http/Controllers/SettingController.php">
        <class name="Modules\Admin\Http\Controllers\SettingController" namespace="Modules\Admin\Http\Controllers">
          <metrics complexity="8" methods="4" coveredmethods="0" conditionals="0" coveredconditionals="0" statements="20" coveredstatements="0" elements="24" coveredelements="0"/>
        </class>
        <line num="12" type="method" name="index" visibility="public" complexity="2" crap="6" count="0"/>
        <line num="15" type="stmt" count="0"/>
        <line num="16" type="stmt" count="0"/>
        <line num="17" type="stmt" count="0"/>
        <line num="21" type="method" name="update" visibility="public" complexity="2" crap="6" count="0"/>
        <line num="24" type="stmt" count="0"/>
        <line num="25" type="stmt" count="0"/>
        <line num="26" type="stmt" count="0"/>
        <line num="27" type="stmt" count="0"/>
        <line num="29" type="stmt" count="0"/>
        <line num="30" type="stmt" count="0"/>
        <line num="31" type="stmt" count="0"/>
        <line num="35" type="method" name="ignoreCharacters" visibility="public" complexity="2" crap="6" count="0"/>
        <line num="38" type="stmt" count="0"/>
        <line num="39" type="stmt" count="0"/>
        <line num="40" type="stmt" count="0"/>
        <line num="44" type="method" name="updateIgnoreCharacters" visibility="public" complexity="2" crap="6" count="0"/>
        <line num="50" type="stmt" count="0"/>
        <line num="51" type="stmt" count="0"/>
        <line num="52" type="stmt" count="0"/>
        <line num="53" type="stmt" count="0"/>
        <line num="55" type="stmt" count="0"/>
        <line num="56" type="stmt" count="0"/>
        <line num="57" type="stmt" count="0"/>
        <metrics loc="61" ncloc="61" classes="1" methods="4" coveredmethods="0" conditionals="0" coveredconditionals="0" statements="20" coveredstatements="0" elements="24" coveredelements="0"/>
      </file>
      <file name="/home/vutv/prj/demo_unittest/api/Modules/Admin/Http/Controllers/TemplateSurveyController.php">
        <class name="Modules\Admin\Http\Controllers\TemplateSurveyController" namespace="Modules\Admin\Http\Controllers">
          <metrics complexity="8" methods="7" coveredmethods="0" conditionals="0" coveredconditionals="0" statements="16" coveredstatements="0" elements="23" coveredelements="0"/>
        </class>
        <line num="37" type="method" name="create" visibility="public" complexity="1" crap="2" count="0"/>
        <line num="39" type="stmt" count="0"/>
        <line num="42" type="method" name="update" visibility="public" complexity="1" crap="2" count="0"/>
        <line num="44" type="stmt" count="0"/>
        <line num="47" type="method" name="delete" visibility="public" complexity="1" crap="2" count="0"/>
        <line num="49" type="stmt" count="0"/>
        <line num="52" type="method" name="search" visibility="public" complexity="1" crap="2" count="0"/>
        <line num="54" type="stmt" count="0"/>
        <line num="55" type="stmt" count="0"/>
        <line num="58" type="method" name="getDetail" visibility="public" complexity="1" crap="2" count="0"/>
        <line num="60" type="stmt" count="0"/>
        <line num="63" type="method" name="preview" visibility="public" complexity="1" crap="2" count="0"/>
        <line num="65" type="stmt" count="0"/>
        <line num="66" type="stmt" count="0"/>
        <line num="67" type="stmt" count="0"/>
        <line num="70" type="method" name="copy" visibility="public" complexity="2" crap="6" count="0"/>
        <line num="73" type="stmt" count="0"/>
        <line num="74" type="stmt" count="0"/>
        <line num="75" type="stmt" count="0"/>
        <line num="76" type="stmt" count="0"/>
        <line num="78" type="stmt" count="0"/>
        <line num="79" type="stmt" count="0"/>
        <line num="80" type="stmt" count="0"/>
        <metrics loc="84" ncloc="84" classes="1" methods="7" coveredmethods="0" conditionals="0" coveredconditionals="0" statements="16" coveredstatements="0" elements="23" coveredelements="0"/>
      </file>
      <file name="/home/vutv/prj/demo_unittest/api/Modules/Admin/Http/Controllers/UserController.php">
        <class name="Modules\Admin\Http\Controllers\UserController" namespace="Modules\Admin\Http\Controllers">
          <metrics complexity="6" methods="6" coveredmethods="0" conditionals="0" coveredconditionals="0" statements="11" coveredstatements="0" elements="17" coveredelements="0"/>
        </class>
        <line num="39" type="method" name="create" visibility="public" complexity="1" crap="2" count="0"/>
        <line num="41" type="stmt" count="0"/>
        <line num="44" type="method" name="update" visibility="public" complexity="1" crap="2" count="0"/>
        <line num="46" type="stmt" count="0"/>
        <line num="49" type="method" name="delete" visibility="public" complexity="1" crap="2" count="0"/>
        <line num="51" type="stmt" count="0"/>
        <line num="54" type="method" name="search" visibility="public" complexity="1" crap="2" count="0"/>
        <line num="56" type="stmt" count="0"/>
        <line num="57" type="stmt" count="0"/>
        <line num="60" type="method" name="getDetail" visibility="public" complexity="1" crap="2" count="0"/>
        <line num="62" type="stmt" count="0"/>
        <line num="65" type="method" name="bulkDelete" visibility="public" complexity="1" crap="2" count="0"/>
        <line num="67" type="stmt" count="0"/>
        <line num="68" type="stmt" count="0"/>
        <line num="70" type="stmt" count="0"/>
        <line num="71" type="stmt" count="0"/>
        <line num="72" type="stmt" count="0"/>
        <metrics loc="74" ncloc="74" classes="1" methods="6" coveredmethods="0" conditionals="0" coveredconditionals="0" statements="11" coveredstatements="0" elements="17" coveredelements="0"/>
      </file>
    </package>
    <package name="Modules\Admin\Http\Controllers\Auth">
      <file name="/home/vutv/prj/demo_unittest/api/Modules/Admin/Http/Controllers/Auth/AuthController.php">
        <class name="Modules\Admin\Http\Controllers\Auth\AuthController" namespace="Modules\Admin\Http\Controllers\Auth">
          <metrics complexity="19" methods="8" coveredmethods="0" conditionals="0" coveredconditionals="0" statements="55" coveredstatements="0" elements="63" coveredelements="0"/>
        </class>
        <line num="19" type="method" name="register" visibility="public" complexity="2" crap="6" count="0"/>
        <line num="21" type="stmt" count="0"/>
        <line num="23" type="stmt" count="0"/>
        <line num="24" type="stmt" count="0"/>
        <line num="25" type="stmt" count="0"/>
        <line num="29" type="stmt" count="0"/>
        <line num="30" type="stmt" count="0"/>
        <line num="31" type="stmt" count="0"/>
        <line num="32" type="stmt" count="0"/>
        <line num="33" type="stmt" count="0"/>
        <line num="35" type="stmt" count="0"/>
        <line num="36" type="stmt" count="0"/>
        <line num="37" type="stmt" count="0"/>
        <line num="38" type="stmt" count="0"/>
        <line num="41" type="method" name="login" visibility="public" complexity="3" crap="12" count="0"/>
        <line num="43" type="stmt" count="0"/>
        <line num="45" type="stmt" count="0"/>
        <line num="46" type="stmt" count="0"/>
        <line num="47" type="stmt" count="0"/>
        <line num="50" type="stmt" count="0"/>
        <line num="51" type="stmt" count="0"/>
        <line num="52" type="stmt" count="0"/>
        <line num="53" type="stmt" count="0"/>
        <line num="56" type="method" name="logout" visibility="public" complexity="4" crap="20" count="0"/>
        <line num="58" type="stmt" count="0"/>
        <line num="60" type="stmt" count="0"/>
        <line num="61" type="stmt" count="0"/>
        <line num="64" type="stmt" count="0"/>
        <line num="67" type="method" name="forgotPassword" visibility="public" complexity="2" crap="6" count="0"/>
        <line num="70" type="stmt" count="0"/>
        <line num="72" type="stmt" count="0"/>
        <line num="73" type="stmt" count="0"/>
        <line num="76" type="stmt" count="0"/>
        <line num="79" type="method" name="resetPassword" visibility="public" complexity="2" crap="6" count="0"/>
        <line num="81" type="stmt" count="0"/>
        <line num="82" type="stmt" count="0"/>
        <line num="83" type="stmt" count="0"/>
        <line num="84" type="stmt" count="0"/>
        <line num="85" type="stmt" count="0"/>
        <line num="86" type="stmt" count="0"/>
        <line num="87" type="stmt" count="0"/>
        <line num="88" type="stmt" count="0"/>
        <line num="90" type="stmt" count="0"/>
        <line num="91" type="stmt" count="0"/>
        <line num="94" type="stmt" count="0"/>
        <line num="97" type="method" name="changePassword" visibility="public" complexity="3" crap="12" count="0"/>
        <line num="99" type="stmt" count="0"/>
        <line num="100" type="stmt" count="0"/>
        <line num="101" type="stmt" count="0"/>
        <line num="104" type="stmt" count="0"/>
        <line num="105" type="stmt" count="0"/>
        <line num="106" type="stmt" count="0"/>
        <line num="107" type="stmt" count="0"/>
        <line num="108" type="stmt" count="0"/>
        <line num="111" type="stmt" count="0"/>
        <line num="112" type="stmt" count="0"/>
        <line num="114" type="stmt" count="0"/>
        <line num="117" type="method" name="newUserQuery" visibility="private" complexity="1" crap="2" count="0"/>
        <line num="119" type="stmt" count="0"/>
        <line num="122" type="method" name="maybeIssueToken" visibility="private" complexity="2" crap="6" count="0"/>
        <line num="125" type="stmt" count="0"/>
        <line num="126" type="stmt" count="0"/>
        <line num="129" type="stmt" count="0"/>
        <metrics loc="132" ncloc="129" classes="1" methods="8" coveredmethods="0" conditionals="0" coveredconditionals="0" statements="55" coveredstatements="0" elements="63" coveredelements="0"/>
      </file>
    </package>
    <package name="Modules\Admin\Http\Middleware">
      <file name="/home/vutv/prj/demo_unittest/api/Modules/Admin/Http/Middleware/AdminMiddleware.php">
        <class name="Modules\Admin\Http\Middleware\AdminMiddleware" namespace="Modules\Admin\Http\Middleware">
          <metrics complexity="0" methods="0" coveredmethods="0" conditionals="0" coveredconditionals="0" statements="0" coveredstatements="0" elements="0" coveredelements="0"/>
        </class>
        <metrics loc="11" ncloc="10" classes="0" methods="0" coveredmethods="0" conditionals="0" coveredconditionals="0" statements="0" coveredstatements="0" elements="0" coveredelements="0"/>
      </file>
    </package>
    <package name="Modules\Admin\Http\Queries">
      <file name="/home/vutv/prj/demo_unittest/api/Modules/Admin/Http/Queries/AdminQuery.php">
        <class name="Modules\Admin\Http\Queries\AdminQuery" namespace="Modules\Admin\Http\Queries">
          <metrics complexity="0" methods="0" coveredmethods="0" conditionals="0" coveredconditionals="0" statements="0" coveredstatements="0" elements="0" coveredelements="0"/>
        </class>
        <metrics loc="12" ncloc="11" classes="0" methods="0" coveredmethods="0" conditionals="0" coveredconditionals="0" statements="0" coveredstatements="0" elements="0" coveredelements="0"/>
      </file>
      <file name="/home/vutv/prj/demo_unittest/api/Modules/Admin/Http/Queries/ApiSystemQuery.php">
        <class name="Modules\Admin\Http\Queries\ApiSystemQuery" namespace="Modules\Admin\Http\Queries">
          <metrics complexity="3" methods="3" coveredmethods="0" conditionals="0" coveredconditionals="0" statements="6" coveredstatements="0" elements="9" coveredelements="0"/>
        </class>
        <line num="13" type="method" name="newQuery" visibility="protected" complexity="1" crap="2" count="0"/>
        <line num="15" type="stmt" count="0"/>
[...]
        <metrics loc="40" ncloc="40" classes="1" methods="2" coveredmethods="0" conditionals="0" coveredconditionals="0" statements="12" coveredstatements="0" elements="14" coveredelements="0"/>
      </file>
    </package>
    <file name="/home/vutv/prj/demo_unittest/api/app/Http/Queries/Criteria/Criteria.php">
      <metrics loc="12" ncloc="12" classes="0" methods="0" coveredmethods="0" conditionals="0" coveredconditionals="0" statements="0" coveredstatements="0" elements="0" coveredelements="0"/>
    </file>
    <package name="App\Http\Requests">
      <file name="/home/vutv/prj/demo_unittest/api/app/Http/Requests/BaseRequest.php">
        <class name="App\Http\Requests\BaseRequest" namespace="App\Http\Requests">
          <metrics complexity="20" methods="14" coveredmethods="4" conditionals="0" coveredconditionals="0" statements="49" coveredstatements="27" elements="63" coveredelements="31"/>
        </class>
        <line num="16" type="method" name="authorize" visibility="public" complexity="2" crap="2.15" count="5"/>
        <line num="18" type="stmt" count="5"/>
        <line num="19" type="stmt" count="5"/>
        <line num="22" type="stmt" count="0"/>
        <line num="28" type="method" name="requiresAuthorization" visibility="protected" complexity="1" crap="1" count="5"/>
        <line num="30" type="stmt" count="5"/>
        <line num="36" type="method" name="authorizeRequest" visibility="protected" complexity="1" crap="2" count="0"/>
        <line num="38" type="stmt" count="0"/>
        <line num="41" type="method" name="authenticatedUser" visibility="protected" complexity="1" crap="2" count="0"/>
        <line num="43" type="stmt" count="0"/>
        <line num="46" type="method" name="hasAuthenticatedUser" visibility="protected" complexity="1" crap="2" count="0"/>
        <line num="48" type="stmt" count="0"/>
        <line num="51" type="method" name="traceId" visibility="protected" complexity="2" crap="6" count="0"/>
        <line num="53" type="stmt" count="0"/>
        <line num="56" type="method" name="validationMessage" visibility="protected" complexity="1" crap="2" count="0"/>
        <line num="58" type="stmt" count="0"/>
        <line num="61" type="method" name="validationErrorLabel" visibility="protected" complexity="1" crap="2" count="0"/>
        <line num="63" type="stmt" count="0"/>
        <line num="66" type="method" name="validationStatus" visibility="protected" complexity="1" crap="2" count="0"/>
        <line num="68" type="stmt" count="0"/>
        <line num="75" type="method" name="prepareForValidation" visibility="protected" complexity="1" crap="1" count="5"/>
        <line num="77" type="stmt" count="5"/>
        <line num="78" type="stmt" count="5"/>
        <line num="79" type="stmt" count="5"/>
        <line num="88" type="method" name="normalizeInput" visibility="protected" complexity="5" crap="5" count="5"/>
        <line num="90" type="stmt" count="5"/>
        <line num="92" type="stmt" count="5"/>
        <line num="93" type="stmt" count="4"/>
        <line num="94" type="stmt" count="4"/>
        <line num="95" type="stmt" count="4"/>
        <line num="96" type="stmt" count="4"/>
        <line num="97" type="stmt" count="2"/>
        <line num="99" type="stmt" count="4"/>
        <line num="103" type="stmt" count="5"/>
        <line num="114" type="method" name="failedValidation" visibility="protected" complexity="1" crap="2" count="0"/>
        <line num="116" type="stmt" count="0"/>
        <line num="118" type="stmt" count="0"/>
        <line num="120" type="stmt" count="0"/>
        <line num="121" type="stmt" count="0"/>
        <line num="122" type="stmt" count="0"/>
        <line num="123" type="stmt" count="0"/>
        <line num="124" type="stmt" count="0"/>
        <line num="125" type="stmt" count="0"/>
        <line num="126" type="stmt" count="0"/>
        <line num="127" type="stmt" count="0"/>
        <line num="128" type="stmt" count="0"/>
        <line num="129" type="stmt" count="0"/>
        <line num="131" type="stmt" count="0"/>
        <line num="139" type="method" name="rules" visibility="public" complexity="1" crap="2" count="0"/>
        <line num="141" type="stmt" count="0"/>
        <line num="150" type="method" name="messages" visibility="public" complexity="1" crap="1" count="5"/>
        <line num="152" type="stmt" count="5"/>
        <line num="153" type="stmt" count="5"/>
        <line num="154" type="stmt" count="5"/>
        <line num="155" type="stmt" count="5"/>
        <line num="156" type="stmt" count="5"/>
        <line num="157" type="stmt" count="5"/>
        <line num="158" type="stmt" count="5"/>
        <line num="159" type="stmt" count="5"/>
        <line num="160" type="stmt" count="5"/>
        <line num="161" type="stmt" count="5"/>
        <line num="162" type="stmt" count="5"/>
        <line num="163" type="stmt" count="5"/>
        <metrics loc="166" ncloc="128" classes="1" methods="14" coveredmethods="4" conditionals="0" coveredconditionals="0" statements="49" coveredstatements="27" elements="63" coveredelements="31"/>
      </file>
      <file name="/home/vutv/prj/demo_unittest/api/app/Http/Requests/SelectItemRequest.php">
        <class name="App\Http\Requests\SelectItemRequest" namespace="App\Http\Requests">
          <metrics complexity="16" methods="7" coveredmethods="0" conditionals="0" coveredconditionals="0" statements="33" coveredstatements="0" elements="40" coveredelements="0"/>
        </class>
        <line num="20" type="method" name="modelClass" visibility="public" complexity="5" crap="30" count="0"/>
        <line num="22" type="stmt" count="0"/>
        <line num="24" type="stmt" count="0"/>
        <line num="25" type="stmt" count="0"/>
        <line num="28" type="stmt" count="0"/>
        <line num="31" type="method" name="modelInstance" visibility="public" complexity="1" crap="2" count="0"/>
        <line num="33" type="stmt" count="0"/>
        <line num="34" type="stmt" count="0"/>
        <line num="41" type="method" name="allowedScalarFields" visibility="public" complexity="2" crap="6" count="0"/>
        <line num="43" type="stmt" count="0"/>
        <line num="45" type="stmt" count="0"/>
        <line num="46" type="stmt" count="0"/>
        <line num="47" type="stmt" count="0"/>
        <line num="48" type="stmt" count="0"/>
        <line num="50" type="stmt" count="0"/>
        <line num="53" type="method" name="keyField" visibility="public" complexity="1" crap="2" count="0"/>
        <line num="55" type="stmt" count="0"/>
        <line num="59" type="method" name="nameFields" visibility="public" complexity="3" crap="12" count="0"/>
        <line num="61" type="stmt" count="0"/>
        <line num="62" type="stmt" count="0"/>
        <line num="63" type="stmt" count="0"/>
        <line num="66" type="stmt" count="0"/>
        <line num="70" type="method" name="infoFields" visibility="public" complexity="3" crap="12" count="0"/>
        <line num="72" type="stmt" count="0"/>
        <line num="73" type="stmt" count="0"/>
        <line num="74" type="stmt" count="0"/>
        <line num="77" type="stmt" count="0"/>
        <line num="80" type="method" name="rules" visibility="public" complexity="1" crap="2" count="0"/>
        <line num="82" type="stmt" count="0"/>
        <line num="84" type="stmt" count="0"/>
        <line num="86" type="stmt" count="0"/>
        <line num="87" type="stmt" count="0"/>
        <line num="90" type="stmt" count="0"/>
        <line num="93" type="stmt" count="0"/>
        <line num="94" type="stmt" count="0"/>
        <line num="97" type="stmt" count="0"/>
        <line num="98" type="stmt" count="0"/>
        <line num="101" type="stmt" count="0"/>
        <line num="102" type="stmt" count="0"/>
        <line num="103" type="stmt" count="0"/>
        <metrics loc="106" ncloc="87" classes="1" methods="7" coveredmethods="0" conditionals="0" coveredconditionals="0" statements="33" coveredstatements="0" elements="40" coveredelements="0"/>
      </file>
    </package>
    <package name="App\Http\Resources">
      <file name="/home/vutv/prj/demo_unittest/api/app/Http/Resources/BaseResource.php">
        <class name="App\Http\Resources\BaseResource" namespace="App\Http\Resources">
          <metrics complexity="7" methods="8" coveredmethods="0" conditionals="0" coveredconditionals="0" statements="28" coveredstatements="0" elements="36" coveredelements="0"/>
        </class>
        <line num="14" type="method" name="toArray" visibility="public" complexity="1" crap="2" count="0"/>
        <line num="16" type="stmt" count="0"/>
        <line num="17" type="stmt" count="0"/>
        <line num="19" type="stmt" count="0"/>
        <line num="20" type="stmt" count="0"/>
        <line num="21" type="stmt" count="0"/>
        <line num="22" type="stmt" count="0"/>
        <line num="29" type="method" name="fields" visibility="protected" complexity="0" crap="0" count="0"/>
        <line num="34" type="method" name="relations" visibility="protected" complexity="1" crap="2" count="0"/>
        <line num="36" type="stmt" count="0"/>
        <line num="42" type="method" name="timestamps" visibility="protected" complexity="1" crap="2" count="0"/>
        <line num="44" type="stmt" count="0"/>
        <line num="45" type="stmt" count="0"/>
        <line num="46" type="stmt" count="0"/>
        <line num="47" type="stmt" count="0"/>
        <line num="48" type="stmt" count="0"/>
        <line num="49" type="stmt" count="0"/>
        <line num="50" type="stmt" count="0"/>
        <line num="51" type="stmt" count="0"/>
        <line num="52" type="stmt" count="0"/>
        <line num="53" type="stmt" count="0"/>
        <line num="64" type="method" name="collectionRelation" visibility="protected" complexity="1" crap="2" count="0"/>
        <line num="68" type="stmt" count="0"/>
        <line num="69" type="stmt" count="0"/>
        <line num="70" type="stmt" count="0"/>
        <line num="71" type="stmt" count="0"/>
        <line num="77" type="method" name="item" visibility="protected" complexity="1" crap="2" count="0"/>
        <line num="81" type="stmt" count="0"/>
        <line num="82" type="stmt" count="0"/>
        <line num="83" type="stmt" count="0"/>
        <line num="84" type="stmt" count="0"/>
        <line num="90" type="method" name="rename" visibility="protected" complexity="1" crap="2" count="0"/>
        <line num="92" type="stmt" count="0"/>
        <line num="98" type="method" name="snake" visibility="protected" complexity="1" crap="2" count="0"/>
        <line num="100" type="stmt" count="0"/>
        <metrics loc="103" ncloc="74" classes="1" methods="8" coveredmethods="0" conditionals="0" coveredconditionals="0" statements="28" coveredstatements="0" elements="36" coveredelements="0"/>
      </file>
      <file name="/home/vutv/prj/demo_unittest/api/app/Http/Resources/SelectItemResource.php">
        <class name="App\Http\Resources\SelectItemResource" namespace="App\Http\Resources">
          <metrics complexity="16" methods="1" coveredmethods="0" conditionals="0" coveredconditionals="0" statements="33" coveredstatements="0" elements="34" coveredelements="0"/>
        </class>
        <line num="10" type="method" name="toArray" visibility="public" complexity="16" crap="272" count="0"/>
        <line num="12" type="stmt" count="0"/>
        <line num="13" type="stmt" count="0"/>
        <line num="14" type="stmt" count="0"/>
        <line num="16" type="stmt" count="0"/>
        <line num="17" type="stmt" count="0"/>
        <line num="19" type="stmt" count="0"/>
        <line num="21" type="stmt" count="0"/>
        <line num="22" type="stmt" count="0"/>
        <line num="23" type="stmt" count="0"/>
        <line num="24" type="stmt" count="0"/>
        <line num="25" type="stmt" count="0"/>
        <line num="26" type="stmt" count="0"/>
        <line num="27" type="stmt" count="0"/>
        <line num="28" type="stmt" count="0"/>
        <line num="29" type="stmt" count="0"/>
        <line num="32" type="stmt" count="0"/>
        <line num="35" type="stmt" count="0"/>
        <line num="38" type="stmt" count="0"/>
        <line num="39" type="stmt" count="0"/>
        <line num="40" type="stmt" count="0"/>
        <line num="44" type="stmt" count="0"/>
        <line num="45" type="stmt" count="0"/>
        <line num="46" type="stmt" count="0"/>
        <line num="47" type="stmt" count="0"/>
        <line num="48" type="stmt" count="0"/>
        <line num="49" type="stmt" count="0"/>
        <line num="51" type="stmt" count="0"/>
        <line num="55" type="stmt" count="0"/>
        <line num="58" type="stmt" count="0"/>
        <line num="59" type="stmt" count="0"/>
        <line num="60" type="stmt" count="0"/>
        <line num="61" type="stmt" count="0"/>
        <line num="62" type="stmt" count="0"/>
        <metrics loc="65" ncloc="63" classes="1" methods="1" coveredmethods="0" conditionals="0" coveredconditionals="0" statements="33" coveredstatements="0" elements="34" coveredelements="0"/>
      </file>
    </package>
    <package name="App\Jobs">
      <file name="/home/vutv/prj/demo_unittest/api/app/Jobs/BaseJob.php">
        <class name="App\Jobs\BaseJob" namespace="App\Jobs">
          <metrics complexity="1" methods="2" coveredmethods="0" conditionals="0" coveredconditionals="0" statements="2" coveredstatements="0" elements="4" coveredelements="0"/>
        </class>
        <line num="18" type="method" name="__construct" visibility="public" complexity="1" crap="2" count="0"/>
        <line num="21" type="stmt" count="0"/>
        <line num="26" type="method" name="handle" visibility="public" complexity="0" crap="0" count="0"/>
        <metrics loc="28" ncloc="21" classes="1" methods="2" coveredmethods="0" conditionals="0" coveredconditionals="0" statements="2" coveredstatements="0" elements="4" coveredelements="0"/>
      </file>
    </package>
    <package name="App\Policies">
      <file name="/home/vutv/prj/demo_unittest/api/app/Policies/BasePolicy.php">
        <class name="App\Policies\BasePolicy" namespace="App\Policies">
          <metrics complexity="9" methods="6" coveredmethods="0" conditionals="0" coveredconditionals="0" statements="10" coveredstatements="0" elements="16" coveredelements="0"/>
        </class>
        <line num="13" type="method" name="before" visibility="public" complexity="2" crap="6" count="0"/>
        <line num="15" type="stmt" count="0"/>
        <line num="16" type="stmt" count="0"/>
        <line num="19" type="stmt" count="0"/>
        <line num="22" type="method" name="sameTenant" visibility="protected" complexity="2" crap="6" count="0"/>
        <line num="24" type="stmt" count="0"/>
        <line num="25" type="stmt" count="0"/>
        <line num="28" type="method" name="isOwner" visibility="protected" complexity="2" crap="6" count="0"/>
        <line num="30" type="stmt" count="0"/>
        <line num="31" type="stmt" count="0"/>
        <line num="34" type="method" name="hasRole" visibility="protected" complexity="1" crap="2" count="0"/>
        <line num="36" type="stmt" count="0"/>
        <line num="39" type="method" name="allow" visibility="protected" complexity="1" crap="2" count="0"/>
        <line num="41" type="stmt" count="0"/>
        <line num="44" type="method" name="deny" visibility="protected" complexity="1" crap="2" count="0"/>
        <line num="46" type="stmt" count="0"/>
        <metrics loc="49" ncloc="46" classes="1" methods="6" coveredmethods="0" conditionals="0" coveredconditionals="0" statements="10" coveredstatements="0" elements="16" coveredelements="0"/>
      </file>
    </package>
    <package name="App\Providers">
      <file name="/home/vutv/prj/demo_unittest/api/app/Providers/AppServiceProvider.php">
        <class name="App\Providers\AppServiceProvider" namespace="App\Providers">
          <metrics complexity="2" methods="2" coveredmethods="2" conditionals="0" coveredconditionals="0" statements="2" coveredstatements="2" elements="4" coveredelements="4"/>
        </class>
        <line num="12" type="method" name="register" visibility="public" complexity="1" crap="1" count="17"/>
        <line num="14" type="stmt" count="17"/>
        <line num="20" type="method" name="boot" visibility="public" complexity="1" crap="1" count="17"/>
        <line num="22" type="stmt" count="17"/>
        <metrics loc="25" ncloc="19" classes="1" methods="2" coveredmethods="2" conditionals="0" coveredconditionals="0" statements="2" coveredstatements="2" elements="4" coveredelements="4"/>
      </file>
      <file name="/home/vutv/prj/demo_unittest/api/app/Providers/ModuleProvider.php">
        <class name="App\Providers\ModuleProvider" namespace="App\Providers">
          <metrics complexity="2" methods="2" coveredmethods="2" conditionals="0" coveredconditionals="0" statements="10" coveredstatements="10" elements="12" coveredelements="12"/>
        </class>
        <line num="7" type="method" name="boot" visibility="public" complexity="1" crap="1" count="17"/>
        <line num="9" type="stmt" count="17"/>
        <line num="10" type="stmt" count="17"/>
        <line num="11" type="stmt" count="17"/>
        <line num="12" type="stmt" count="17"/>
        <line num="13" type="stmt" count="17"/>
        <line num="18" type="method" name="register" visibility="public" complexity="1" crap="1" count="17"/>
        <line num="20" type="stmt" count="17"/>
        <line num="21" type="stmt" count="17"/>
        <line num="22" type="stmt" count="17"/>
        <line num="23" type="stmt" count="17"/>
        <line num="24" type="stmt" count="17"/>
        <metrics loc="29" ncloc="25" classes="1" methods="2" coveredmethods="2" conditionals="0" coveredconditionals="0" statements="10" coveredstatements="10" elements="12" coveredelements="12"/>
      </file>
    </package>
    <package name="App\Support\Api">
      <file name="/home/vutv/prj/demo_unittest/api/app/Support/Api/ApiResponse.php">
        <class name="App\Support\Api\ApiResponse" namespace="App\Support\Api">
          <metrics complexity="3" methods="3" coveredmethods="0" conditionals="0" coveredconditionals="0" statements="18" coveredstatements="0" elements="21" coveredelements="0"/>
        </class>
        <line num="7" type="method" name="successPayload" visibility="public" complexity="1" crap="2" count="0"/>
        <line num="14" type="stmt" count="0"/>
        <line num="15" type="stmt" count="0"/>
        <line num="16" type="stmt" count="0"/>
        <line num="17" type="stmt" count="0"/>
        <line num="18" type="stmt" count="0"/>
        <line num="19" type="stmt" count="0"/>
        <line num="20" type="stmt" count="0"/>
        <line num="21" type="stmt" count="0"/>
        <line num="24" type="method" name="errorPayload" visibility="public" complexity="1" crap="2" count="0"/>
        <line num="32" type="stmt" count="0"/>
        <line num="33" type="stmt" count="0"/>
        <line num="34" type="stmt" count="0"/>
        <line num="35" type="stmt" count="0"/>
        <line num="36" type="stmt" count="0"/>
        <line num="37" type="stmt" count="0"/>
        <line num="38" type="stmt" count="0"/>
        <line num="39" type="stmt" count="0"/>
        <line num="40" type="stmt" count="0"/>
        <line num="43" type="method" name="__construct" visibility="private" complexity="1" crap="2" count="0"/>
        <line num="45" type="stmt" count="0"/>
        <metrics loc="47" ncloc="47" classes="1" methods="3" coveredmethods="0" conditionals="0" coveredconditionals="0" statements="18" coveredstatements="0" elements="21" coveredelements="0"/>
      </file>
    </package>
    <metrics files="496" loc="18978" ncloc="17944" classes="353" methods="948" coveredmethods="8" conditionals="0" coveredconditionals="0" statements="7073" coveredstatements="39" elements="8021" coveredelements="47"/>
  </project>
</coverage>
